D:\COMPILATOR\OOP\KURSOVA\SMARTCHESS\DEBUG\SMARTCHESS.EXE
D:\COMPILATOR\OOP\KURSOVA\SMARTCHESS\DEBUG\SMARTCHESS.ILK
D:\COMPILATOR\OOP\KURSOVA\SMARTCHESS\DEBUG\SMARTCHESS.PDB
D:\COMPILATOR\OOP\KURSOVA\SMARTCHESS\SMARTCHESS\DEBUG\BISHOP.OBJ
D:\COMPILATOR\OOP\KURSOVA\SMARTCHESS\SMARTCHESS\DEBUG\BOARDMAIN.OBJ
D:\COMPILATOR\OOP\KURSOVA\SMARTCHESS\SMARTCHESS\DEBUG\BUTTONS.OBJ
D:\COMPILATOR\OOP\KURSOVA\SMARTCHESS\SMARTCHESS\DEBUG\GAMEMODE.OBJ
D:\COMPILATOR\OOP\KURSOVA\SMARTCHESS\SMARTCHESS\DEBUG\KING.OBJ
D:\COMPILATOR\OOP\KURSOVA\SMARTCHESS\SMARTCHESS\DEBUG\KNIGHT.OBJ
D:\COMPILATOR\OOP\KURSOVA\SMARTCHESS\SMARTCHESS\DEBUG\LISTSPIECES.OBJ
D:\COMPILATOR\OOP\KURSOVA\SMARTCHESS\SMARTCHESS\DEBUG\LOCALGAME.OBJ
D:\COMPILATOR\OOP\KURSOVA\SMARTCHESS\SMARTCHESS\DEBUG\MAIN.OBJ
D:\COMPILATOR\OOP\KURSOVA\SMARTCHESS\SMARTCHESS\DEBUG\MENUMODE.OBJ
D:\COMPILATOR\OOP\KURSOVA\SMARTCHESS\SMARTCHESS\DEBUG\PAWN.OBJ
D:\COMPILATOR\OOP\KURSOVA\SMARTCHESS\SMARTCHESS\DEBUG\PIECE.OBJ
D:\COMPILATOR\OOP\KURSOVA\SMARTCHESS\SMARTCHESS\DEBUG\QUEEN.OBJ
D:\COMPILATOR\OOP\KURSOVA\SMARTCHESS\SMARTCHESS\DEBUG\ROOK.OBJ
D:\COMPILATOR\OOP\KURSOVA\SMARTCHESS\SMARTCHESS\DEBUG\RUNGAMEMODE.OBJ
D:\COMPILATOR\OOP\KURSOVA\SMARTCHESS\SMARTCHESS\DEBUG\SMARTCHESS.EXE.INTERMEDIATE.MANIFEST
D:\COMPILATOR\OOP\KURSOVA\SMARTCHESS\SMARTCHESS\DEBUG\VC100.PDB
D:\COMPILATOR\OOP\KURSOVA\SMARTCHESS1\DEBUG\SMARTCHESS.EXE
D:\COMPILATOR\OOP\KURSOVA\SMARTCHESS1\DEBUG\SMARTCHESS.ILK
D:\COMPILATOR\OOP\KURSOVA\SMARTCHESS1\DEBUG\SMARTCHESS.PDB
D:\COMPILATOR\OOP\KURSOVA\SMARTCHESS1\SMARTCHESS\DEBUG\ALLEGROWRAP.OBJ
D:\COMPILATOR\OOP\KURSOVA\SMARTCHESS1\SMARTCHESS\DEBUG\BISHOP.OBJ
D:\COMPILATOR\OOP\KURSOVA\SMARTCHESS1\SMARTCHESS\DEBUG\BOARDMAIN.OBJ
D:\COMPILATOR\OOP\KURSOVA\SMARTCHESS1\SMARTCHESS\DEBUG\GAMEMODE.OBJ
D:\COMPILATOR\OOP\KURSOVA\SMARTCHESS1\SMARTCHESS\DEBUG\KING.OBJ
D:\COMPILATOR\OOP\KURSOVA\SMARTCHESS1\SMARTCHESS\DEBUG\KNIGHT.OBJ
D:\COMPILATOR\OOP\KURSOVA\SMARTCHESS1\SMARTCHESS\DEBUG\LISTMOVE.OBJ
D:\COMPILATOR\OOP\KURSOVA\SMARTCHESS1\SMARTCHESS\DEBUG\LISTSPIECES.OBJ
D:\COMPILATOR\OOP\KURSOVA\SMARTCHESS1\SMARTCHESS\DEBUG\LOCALGAME.OBJ
D:\COMPILATOR\OOP\KURSOVA\SMARTCHESS1\SMARTCHESS\DEBUG\MAIN.OBJ
D:\COMPILATOR\OOP\KURSOVA\SMARTCHESS1\SMARTCHESS\DEBUG\MENUMODE.OBJ
D:\COMPILATOR\OOP\KURSOVA\SMARTCHESS1\SMARTCHESS\DEBUG\PAWN.OBJ
D:\COMPILATOR\OOP\KURSOVA\SMARTCHESS1\SMARTCHESS\DEBUG\PIECE.OBJ
D:\COMPILATOR\OOP\KURSOVA\SMARTCHESS1\SMARTCHESS\DEBUG\QUEEN.OBJ
D:\COMPILATOR\OOP\KURSOVA\SMARTCHESS1\SMARTCHESS\DEBUG\ROOK.OBJ
D:\COMPILATOR\OOP\KURSOVA\SMARTCHESS1\SMARTCHESS\DEBUG\RUNGAMEMODE.OBJ
D:\COMPILATOR\OOP\KURSOVA\SMARTCHESS1\SMARTCHESS\DEBUG\SETPOSITIONMODE.OBJ
D:\COMPILATOR\OOP\KURSOVA\SMARTCHESS1\SMARTCHESS\DEBUG\SMARTCHESS.EXE.INTERMEDIATE.MANIFEST
D:\COMPILATOR\OOP\KURSOVA\SMARTCHESS1\SMARTCHESS\DEBUG\VC100.PDB
D:\COMPILATOR\OOP\KURSOVA\SMARTCHESS1_COPY\DEBUG\SMARTCHESS.EXE
D:\COMPILATOR\OOP\KURSOVA\SMARTCHESS1_COPY\DEBUG\SMARTCHESS.ILK
D:\COMPILATOR\OOP\KURSOVA\SMARTCHESS1_COPY\DEBUG\SMARTCHESS.PDB
D:\COMPILATOR\OOP\KURSOVA\SMARTCHESS1_COPY\SMARTCHESS\DEBUG\ALLEGROWRAP.OBJ
D:\COMPILATOR\OOP\KURSOVA\SMARTCHESS1_COPY\SMARTCHESS\DEBUG\BISHOP.OBJ
D:\COMPILATOR\OOP\KURSOVA\SMARTCHESS1_COPY\SMARTCHESS\DEBUG\BOARDMAIN.OBJ
D:\compilator\OOP\kursova\smartchess1_copy\smartchess\Debug\Buttons.obj
D:\compilator\OOP\kursova\smartchess1_copy\smartchess\Debug\cl.command.1.tlog
D:\compilator\OOP\kursova\smartchess1_copy\smartchess\Debug\CL.read.1.tlog
D:\compilator\OOP\kursova\smartchess1_copy\smartchess\Debug\CL.write.1.tlog
D:\COMPILATOR\OOP\KURSOVA\SMARTCHESS1_COPY\SMARTCHESS\DEBUG\GAMEMODE.OBJ
D:\COMPILATOR\OOP\KURSOVA\SMARTCHESS1_COPY\SMARTCHESS\DEBUG\KING.OBJ
D:\COMPILATOR\OOP\KURSOVA\SMARTCHESS1_COPY\SMARTCHESS\DEBUG\KNIGHT.OBJ
D:\compilator\OOP\kursova\smartchess1_copy\smartchess\Debug\link.command.1.tlog
D:\compilator\OOP\kursova\smartchess1_copy\smartchess\Debug\link.read.1.tlog
D:\compilator\OOP\kursova\smartchess1_copy\smartchess\Debug\link.write.1.tlog
D:\COMPILATOR\OOP\KURSOVA\SMARTCHESS1_COPY\SMARTCHESS\DEBUG\LISTMOVE.OBJ
D:\COMPILATOR\OOP\KURSOVA\SMARTCHESS1_COPY\SMARTCHESS\DEBUG\LISTSPIECES.OBJ
D:\COMPILATOR\OOP\KURSOVA\SMARTCHESS1_COPY\SMARTCHESS\DEBUG\LOCALGAME.OBJ
D:\COMPILATOR\OOP\KURSOVA\SMARTCHESS1_COPY\SMARTCHESS\DEBUG\MAIN.OBJ
D:\COMPILATOR\OOP\KURSOVA\SMARTCHESS1_COPY\SMARTCHESS\DEBUG\MENUMODE.OBJ
D:\compilator\OOP\kursova\smartchess1_copy\smartchess\Debug\mt.command.1.tlog
D:\compilator\OOP\kursova\smartchess1_copy\smartchess\Debug\mt.read.1.tlog
D:\compilator\OOP\kursova\smartchess1_copy\smartchess\Debug\mt.write.1.tlog
D:\COMPILATOR\OOP\KURSOVA\SMARTCHESS1_COPY\SMARTCHESS\DEBUG\PAWN.OBJ
D:\COMPILATOR\OOP\KURSOVA\SMARTCHESS1_COPY\SMARTCHESS\DEBUG\PIECE.OBJ
D:\COMPILATOR\OOP\KURSOVA\SMARTCHESS1_COPY\SMARTCHESS\DEBUG\QUEEN.OBJ
D:\COMPILATOR\OOP\KURSOVA\SMARTCHESS1_COPY\SMARTCHESS\DEBUG\ROOK.OBJ
D:\COMPILATOR\OOP\KURSOVA\SMARTCHESS1_COPY\SMARTCHESS\DEBUG\RUNGAMEMODE.OBJ
D:\COMPILATOR\OOP\KURSOVA\SMARTCHESS1_COPY\SMARTCHESS\DEBUG\SETPOSITIONMODE.OBJ
D:\COMPILATOR\OOP\KURSOVA\SMARTCHESS1_COPY\SMARTCHESS\DEBUG\SMARTCHESS.EXE.INTERMEDIATE.MANIFEST
D:\compilator\OOP\kursova\smartchess1_copy\smartchess\Debug\smartchess.vcxprojResolveAssemblyReference.cache
D:\compilator\OOP\kursova\smartchess1_copy\smartchess\Debug\smartchess.write.1.tlog
D:\compilator\OOP\kursova\smartchess1_copy\smartchess\Debug\vc100.idb
D:\COMPILATOR\OOP\KURSOVA\SMARTCHESS1_COPY\SMARTCHESS\DEBUG\VC100.PDB
