D:\COMPILATOR\OOP\KURSOVA\SMARTCHESS1_COPY\RELEASE\SMARTCHESS.EXE
D:\COMPILATOR\OOP\KURSOVA\SMARTCHESS1_COPY\RELEASE\SMARTCHESS.PDB
D:\COMPILATOR\OOP\KURSOVA\SMARTCHESS1_COPY\SMARTCHESS\RELEASE\ALLEGROWRAP.OBJ
D:\COMPILATOR\OOP\KURSOVA\SMARTCHESS1_COPY\SMARTCHESS\RELEASE\BISHOP.OBJ
D:\COMPILATOR\OOP\KURSOVA\SMARTCHESS1_COPY\SMARTCHESS\RELEASE\BOARDMAIN.OBJ
D:\compilator\OOP\kursova\smartchess1_copy\smartchess\Release\cl.command.1.tlog
D:\compilator\OOP\kursova\smartchess1_copy\smartchess\Release\CL.read.1.tlog
D:\compilator\OOP\kursova\smartchess1_copy\smartchess\Release\CL.write.1.tlog
D:\COMPILATOR\OOP\KURSOVA\SMARTCHESS1_COPY\SMARTCHESS\RELEASE\GAMEMODE.OBJ
D:\COMPILATOR\OOP\KURSOVA\SMARTCHESS1_COPY\SMARTCHESS\RELEASE\KING.OBJ
D:\COMPILATOR\OOP\KURSOVA\SMARTCHESS1_COPY\SMARTCHESS\RELEASE\KNIGHT.OBJ
D:\compilator\OOP\kursova\smartchess1_copy\smartchess\Release\link.command.1.tlog
D:\compilator\OOP\kursova\smartchess1_copy\smartchess\Release\link.read.1.tlog
D:\compilator\OOP\kursova\smartchess1_copy\smartchess\Release\link.write.1.tlog
D:\COMPILATOR\OOP\KURSOVA\SMARTCHESS1_COPY\SMARTCHESS\RELEASE\LISTMOVE.OBJ
D:\COMPILATOR\OOP\KURSOVA\SMARTCHESS1_COPY\SMARTCHESS\RELEASE\LISTSPIECES.OBJ
D:\COMPILATOR\OOP\KURSOVA\SMARTCHESS1_COPY\SMARTCHESS\RELEASE\LOCALGAME.OBJ
D:\COMPILATOR\OOP\KURSOVA\SMARTCHESS1_COPY\SMARTCHESS\RELEASE\MAIN.OBJ
D:\COMPILATOR\OOP\KURSOVA\SMARTCHESS1_COPY\SMARTCHESS\RELEASE\MENUMODE.OBJ
D:\compilator\OOP\kursova\smartchess1_copy\smartchess\Release\mt.command.1.tlog
D:\compilator\OOP\kursova\smartchess1_copy\smartchess\Release\mt.read.1.tlog
D:\compilator\OOP\kursova\smartchess1_copy\smartchess\Release\mt.write.1.tlog
D:\COMPILATOR\OOP\KURSOVA\SMARTCHESS1_COPY\SMARTCHESS\RELEASE\PAWN.OBJ
D:\COMPILATOR\OOP\KURSOVA\SMARTCHESS1_COPY\SMARTCHESS\RELEASE\PIECE.OBJ
D:\COMPILATOR\OOP\KURSOVA\SMARTCHESS1_COPY\SMARTCHESS\RELEASE\QUEEN.OBJ
D:\COMPILATOR\OOP\KURSOVA\SMARTCHESS1_COPY\SMARTCHESS\RELEASE\ROOK.OBJ
D:\COMPILATOR\OOP\KURSOVA\SMARTCHESS1_COPY\SMARTCHESS\RELEASE\RUNGAMEMODE.OBJ
D:\COMPILATOR\OOP\KURSOVA\SMARTCHESS1_COPY\SMARTCHESS\RELEASE\SETPOSITIONMODE.OBJ
D:\COMPILATOR\OOP\KURSOVA\SMARTCHESS1_COPY\SMARTCHESS\RELEASE\SMARTCHESS.EXE.INTERMEDIATE.MANIFEST
D:\compilator\OOP\kursova\smartchess1_copy\smartchess\Release\smartchess.write.1.tlog
D:\COMPILATOR\OOP\KURSOVA\SMARTCHESS1_COPY\SMARTCHESS\RELEASE\VC100.PDB
